INFO: [32mRunning: /programs/structure_2_3_4/bin/structure -K 10 -i /workdir/yc2644/CV_CT_array/structure/threader_input/n1601.recode.strct_in -o /workdir/yc2644/CV_CT_array/structure/n1601_cor/str_K10_rep10 -D 2153978 -m /workdir/yc2644/CV_CT_array/structure/threader_input/mainparams -e /workdir/yc2644/CV_CT_array/structure/threader_input/extraparams[0m
INFO: [32mRunning: /programs/structure_2_3_4/bin/structure -K 10 -i /workdir/yc2644/CV_CT_array/structure/threader_input/n1601.recode.strct_in -o /workdir/yc2644/CV_CT_array/structure/n1601_cor/str_K10_rep9 -D 940261 -m /workdir/yc2644/CV_CT_array/structure/threader_input/mainparams -e /workdir/yc2644/CV_CT_array/structure/threader_input/extraparams[0m
INFO: [32mRunning: /programs/structure_2_3_4/bin/structure -K 10 -i /workdir/yc2644/CV_CT_array/structure/threader_input/n1601.recode.strct_in -o /workdir/yc2644/CV_CT_array/structure/n1601_cor/str_K10_rep8 -D 8867621 -m /workdir/yc2644/CV_CT_array/structure/threader_input/mainparams -e /workdir/yc2644/CV_CT_array/structure/threader_input/extraparams[0m
INFO: [32mRunning: /programs/structure_2_3_4/bin/structure -K 10 -i /workdir/yc2644/CV_CT_array/structure/threader_input/n1601.recode.strct_in -o /workdir/yc2644/CV_CT_array/structure/n1601_cor/str_K10_rep7 -D 786598 -m /workdir/yc2644/CV_CT_array/structure/threader_input/mainparams -e /workdir/yc2644/CV_CT_array/structure/threader_input/extraparams[0m
INFO: [32mRunning: /programs/structure_2_3_4/bin/structure -K 10 -i /workdir/yc2644/CV_CT_array/structure/threader_input/n1601.recode.strct_in -o /workdir/yc2644/CV_CT_array/structure/n1601_cor/str_K10_rep6 -D 3922463 -m /workdir/yc2644/CV_CT_array/structure/threader_input/mainparams -e /workdir/yc2644/CV_CT_array/structure/threader_input/extraparams[0m
INFO: [32mRunning: /programs/structure_2_3_4/bin/structure -K 10 -i /workdir/yc2644/CV_CT_array/structure/threader_input/n1601.recode.strct_in -o /workdir/yc2644/CV_CT_array/structure/n1601_cor/str_K10_rep5 -D 6870574 -m /workdir/yc2644/CV_CT_array/structure/threader_input/mainparams -e /workdir/yc2644/CV_CT_array/structure/threader_input/extraparams[0m
INFO: [32mRunning: /programs/structure_2_3_4/bin/structure -K 10 -i /workdir/yc2644/CV_CT_array/structure/threader_input/n1601.recode.strct_in -o /workdir/yc2644/CV_CT_array/structure/n1601_cor/str_K10_rep4 -D 9555008 -m /workdir/yc2644/CV_CT_array/structure/threader_input/mainparams -e /workdir/yc2644/CV_CT_array/structure/threader_input/extraparams[0m
INFO: [32mRunning: /programs/structure_2_3_4/bin/structure -K 10 -i /workdir/yc2644/CV_CT_array/structure/threader_input/n1601.recode.strct_in -o /workdir/yc2644/CV_CT_array/structure/n1601_cor/str_K10_rep3 -D 3231867 -m /workdir/yc2644/CV_CT_array/structure/threader_input/mainparams -e /workdir/yc2644/CV_CT_array/structure/threader_input/extraparams[0m
INFO: [32mRunning: /programs/structure_2_3_4/bin/structure -K 10 -i /workdir/yc2644/CV_CT_array/structure/threader_input/n1601.recode.strct_in -o /workdir/yc2644/CV_CT_array/structure/n1601_cor/str_K10_rep2 -D 3995168 -m /workdir/yc2644/CV_CT_array/structure/threader_input/mainparams -e /workdir/yc2644/CV_CT_array/structure/threader_input/extraparams[0m
INFO: [32mRunning: /programs/structure_2_3_4/bin/structure -K 10 -i /workdir/yc2644/CV_CT_array/structure/threader_input/n1601.recode.strct_in -o /workdir/yc2644/CV_CT_array/structure/n1601_cor/str_K10_rep1 -D 3436064 -m /workdir/yc2644/CV_CT_array/structure/threader_input/mainparams -e /workdir/yc2644/CV_CT_array/structure/threader_input/extraparams[0m
INFO: [32mRunning: /programs/structure_2_3_4/bin/structure -K 9 -i /workdir/yc2644/CV_CT_array/structure/threader_input/n1601.recode.strct_in -o /workdir/yc2644/CV_CT_array/structure/n1601_cor/str_K9_rep10 -D 4070331 -m /workdir/yc2644/CV_CT_array/structure/threader_input/mainparams -e /workdir/yc2644/CV_CT_array/structure/threader_input/extraparams[0m
INFO: [32mRunning: /programs/structure_2_3_4/bin/structure -K 9 -i /workdir/yc2644/CV_CT_array/structure/threader_input/n1601.recode.strct_in -o /workdir/yc2644/CV_CT_array/structure/n1601_cor/str_K9_rep9 -D 9407159 -m /workdir/yc2644/CV_CT_array/structure/threader_input/mainparams -e /workdir/yc2644/CV_CT_array/structure/threader_input/extraparams[0m
INFO: [32mRunning: /programs/structure_2_3_4/bin/structure -K 9 -i /workdir/yc2644/CV_CT_array/structure/threader_input/n1601.recode.strct_in -o /workdir/yc2644/CV_CT_array/structure/n1601_cor/str_K9_rep8 -D 4197241 -m /workdir/yc2644/CV_CT_array/structure/threader_input/mainparams -e /workdir/yc2644/CV_CT_array/structure/threader_input/extraparams[0m
INFO: [32mRunning: /programs/structure_2_3_4/bin/structure -K 9 -i /workdir/yc2644/CV_CT_array/structure/threader_input/n1601.recode.strct_in -o /workdir/yc2644/CV_CT_array/structure/n1601_cor/str_K9_rep7 -D 8972939 -m /workdir/yc2644/CV_CT_array/structure/threader_input/mainparams -e /workdir/yc2644/CV_CT_array/structure/threader_input/extraparams[0m
INFO: [32mRunning: /programs/structure_2_3_4/bin/structure -K 9 -i /workdir/yc2644/CV_CT_array/structure/threader_input/n1601.recode.strct_in -o /workdir/yc2644/CV_CT_array/structure/n1601_cor/str_K9_rep6 -D 8526408 -m /workdir/yc2644/CV_CT_array/structure/threader_input/mainparams -e /workdir/yc2644/CV_CT_array/structure/threader_input/extraparams[0m
INFO: [32mRunning: /programs/structure_2_3_4/bin/structure -K 9 -i /workdir/yc2644/CV_CT_array/structure/threader_input/n1601.recode.strct_in -o /workdir/yc2644/CV_CT_array/structure/n1601_cor/str_K9_rep5 -D 5302281 -m /workdir/yc2644/CV_CT_array/structure/threader_input/mainparams -e /workdir/yc2644/CV_CT_array/structure/threader_input/extraparams[0m
INFO: [32mRunning: /programs/structure_2_3_4/bin/structure -K 9 -i /workdir/yc2644/CV_CT_array/structure/threader_input/n1601.recode.strct_in -o /workdir/yc2644/CV_CT_array/structure/n1601_cor/str_K9_rep4 -D 2065414 -m /workdir/yc2644/CV_CT_array/structure/threader_input/mainparams -e /workdir/yc2644/CV_CT_array/structure/threader_input/extraparams[0m
INFO: [32mRunning: /programs/structure_2_3_4/bin/structure -K 9 -i /workdir/yc2644/CV_CT_array/structure/threader_input/n1601.recode.strct_in -o /workdir/yc2644/CV_CT_array/structure/n1601_cor/str_K9_rep3 -D 3373205 -m /workdir/yc2644/CV_CT_array/structure/threader_input/mainparams -e /workdir/yc2644/CV_CT_array/structure/threader_input/extraparams[0m
INFO: [32mRunning: /programs/structure_2_3_4/bin/structure -K 9 -i /workdir/yc2644/CV_CT_array/structure/threader_input/n1601.recode.strct_in -o /workdir/yc2644/CV_CT_array/structure/n1601_cor/str_K9_rep2 -D 9764801 -m /workdir/yc2644/CV_CT_array/structure/threader_input/mainparams -e /workdir/yc2644/CV_CT_array/structure/threader_input/extraparams[0m
INFO: [32mRunning: /programs/structure_2_3_4/bin/structure -K 9 -i /workdir/yc2644/CV_CT_array/structure/threader_input/n1601.recode.strct_in -o /workdir/yc2644/CV_CT_array/structure/n1601_cor/str_K9_rep1 -D 5274171 -m /workdir/yc2644/CV_CT_array/structure/threader_input/mainparams -e /workdir/yc2644/CV_CT_array/structure/threader_input/extraparams[0m
INFO: [32mRunning: /programs/structure_2_3_4/bin/structure -K 8 -i /workdir/yc2644/CV_CT_array/structure/threader_input/n1601.recode.strct_in -o /workdir/yc2644/CV_CT_array/structure/n1601_cor/str_K8_rep10 -D 8534425 -m /workdir/yc2644/CV_CT_array/structure/threader_input/mainparams -e /workdir/yc2644/CV_CT_array/structure/threader_input/extraparams[0m
INFO: [32mRunning: /programs/structure_2_3_4/bin/structure -K 8 -i /workdir/yc2644/CV_CT_array/structure/threader_input/n1601.recode.strct_in -o /workdir/yc2644/CV_CT_array/structure/n1601_cor/str_K8_rep9 -D 9723141 -m /workdir/yc2644/CV_CT_array/structure/threader_input/mainparams -e /workdir/yc2644/CV_CT_array/structure/threader_input/extraparams[0m
INFO: [32mRunning: /programs/structure_2_3_4/bin/structure -K 8 -i /workdir/yc2644/CV_CT_array/structure/threader_input/n1601.recode.strct_in -o /workdir/yc2644/CV_CT_array/structure/n1601_cor/str_K8_rep8 -D 2574541 -m /workdir/yc2644/CV_CT_array/structure/threader_input/mainparams -e /workdir/yc2644/CV_CT_array/structure/threader_input/extraparams[0m
INFO: [32mRunning: /programs/structure_2_3_4/bin/structure -K 8 -i /workdir/yc2644/CV_CT_array/structure/threader_input/n1601.recode.strct_in -o /workdir/yc2644/CV_CT_array/structure/n1601_cor/str_K8_rep7 -D 9355543 -m /workdir/yc2644/CV_CT_array/structure/threader_input/mainparams -e /workdir/yc2644/CV_CT_array/structure/threader_input/extraparams[0m
INFO: [32mWriting logfile for K8, replicate 10. Please wait...[0m
INFO: [32mRunning: /programs/structure_2_3_4/bin/structure -K 8 -i /workdir/yc2644/CV_CT_array/structure/threader_input/n1601.recode.strct_in -o /workdir/yc2644/CV_CT_array/structure/n1601_cor/str_K8_rep6 -D 3506606 -m /workdir/yc2644/CV_CT_array/structure/threader_input/mainparams -e /workdir/yc2644/CV_CT_array/structure/threader_input/extraparams[0m
INFO: [32mWriting logfile for K8, replicate 9. Please wait...[0m
INFO: [32mRunning: /programs/structure_2_3_4/bin/structure -K 8 -i /workdir/yc2644/CV_CT_array/structure/threader_input/n1601.recode.strct_in -o /workdir/yc2644/CV_CT_array/structure/n1601_cor/str_K8_rep5 -D 569392 -m /workdir/yc2644/CV_CT_array/structure/threader_input/mainparams -e /workdir/yc2644/CV_CT_array/structure/threader_input/extraparams[0m
INFO: [32mWriting logfile for K8, replicate 7. Please wait...[0m
INFO: [32mRunning: /programs/structure_2_3_4/bin/structure -K 8 -i /workdir/yc2644/CV_CT_array/structure/threader_input/n1601.recode.strct_in -o /workdir/yc2644/CV_CT_array/structure/n1601_cor/str_K8_rep4 -D 4485235 -m /workdir/yc2644/CV_CT_array/structure/threader_input/mainparams -e /workdir/yc2644/CV_CT_array/structure/threader_input/extraparams[0m
INFO: [32mWriting logfile for K8, replicate 8. Please wait...[0m
INFO: [32mRunning: /programs/structure_2_3_4/bin/structure -K 8 -i /workdir/yc2644/CV_CT_array/structure/threader_input/n1601.recode.strct_in -o /workdir/yc2644/CV_CT_array/structure/n1601_cor/str_K8_rep3 -D 4796772 -m /workdir/yc2644/CV_CT_array/structure/threader_input/mainparams -e /workdir/yc2644/CV_CT_array/structure/threader_input/extraparams[0m
INFO: [32mWriting logfile for K9, replicate 3. Please wait...[0m
INFO: [32mRunning: /programs/structure_2_3_4/bin/structure -K 8 -i /workdir/yc2644/CV_CT_array/structure/threader_input/n1601.recode.strct_in -o /workdir/yc2644/CV_CT_array/structure/n1601_cor/str_K8_rep2 -D 902448 -m /workdir/yc2644/CV_CT_array/structure/threader_input/mainparams -e /workdir/yc2644/CV_CT_array/structure/threader_input/extraparams[0m
INFO: [32mWriting logfile for K9, replicate 2. Please wait...[0m
INFO: [32mRunning: /programs/structure_2_3_4/bin/structure -K 8 -i /workdir/yc2644/CV_CT_array/structure/threader_input/n1601.recode.strct_in -o /workdir/yc2644/CV_CT_array/structure/n1601_cor/str_K8_rep1 -D 4046535 -m /workdir/yc2644/CV_CT_array/structure/threader_input/mainparams -e /workdir/yc2644/CV_CT_array/structure/threader_input/extraparams[0m
INFO: [32mWriting logfile for K9, replicate 4. Please wait...[0m
INFO: [32mRunning: /programs/structure_2_3_4/bin/structure -K 7 -i /workdir/yc2644/CV_CT_array/structure/threader_input/n1601.recode.strct_in -o /workdir/yc2644/CV_CT_array/structure/n1601_cor/str_K7_rep10 -D 483266 -m /workdir/yc2644/CV_CT_array/structure/threader_input/mainparams -e /workdir/yc2644/CV_CT_array/structure/threader_input/extraparams[0m
INFO: [32mWriting logfile for K9, replicate 9. Please wait...[0m
INFO: [32mRunning: /programs/structure_2_3_4/bin/structure -K 7 -i /workdir/yc2644/CV_CT_array/structure/threader_input/n1601.recode.strct_in -o /workdir/yc2644/CV_CT_array/structure/n1601_cor/str_K7_rep9 -D 87549 -m /workdir/yc2644/CV_CT_array/structure/threader_input/mainparams -e /workdir/yc2644/CV_CT_array/structure/threader_input/extraparams[0m
INFO: [32mWriting logfile for K9, replicate 10. Please wait...[0m
INFO: [32mRunning: /programs/structure_2_3_4/bin/structure -K 7 -i /workdir/yc2644/CV_CT_array/structure/threader_input/n1601.recode.strct_in -o /workdir/yc2644/CV_CT_array/structure/n1601_cor/str_K7_rep8 -D 9673387 -m /workdir/yc2644/CV_CT_array/structure/threader_input/mainparams -e /workdir/yc2644/CV_CT_array/structure/threader_input/extraparams[0m
INFO: [32mWriting logfile for K9, replicate 6. Please wait...[0m
INFO: [32mRunning: /programs/structure_2_3_4/bin/structure -K 7 -i /workdir/yc2644/CV_CT_array/structure/threader_input/n1601.recode.strct_in -o /workdir/yc2644/CV_CT_array/structure/n1601_cor/str_K7_rep7 -D 5948592 -m /workdir/yc2644/CV_CT_array/structure/threader_input/mainparams -e /workdir/yc2644/CV_CT_array/structure/threader_input/extraparams[0m
INFO: [32mWriting logfile for K9, replicate 8. Please wait...[0m
INFO: [32mRunning: /programs/structure_2_3_4/bin/structure -K 7 -i /workdir/yc2644/CV_CT_array/structure/threader_input/n1601.recode.strct_in -o /workdir/yc2644/CV_CT_array/structure/n1601_cor/str_K7_rep6 -D 5531738 -m /workdir/yc2644/CV_CT_array/structure/threader_input/mainparams -e /workdir/yc2644/CV_CT_array/structure/threader_input/extraparams[0m
INFO: [32mWriting logfile for K9, replicate 5. Please wait...[0m
INFO: [32mRunning: /programs/structure_2_3_4/bin/structure -K 7 -i /workdir/yc2644/CV_CT_array/structure/threader_input/n1601.recode.strct_in -o /workdir/yc2644/CV_CT_array/structure/n1601_cor/str_K7_rep5 -D 6340341 -m /workdir/yc2644/CV_CT_array/structure/threader_input/mainparams -e /workdir/yc2644/CV_CT_array/structure/threader_input/extraparams[0m
INFO: [32mWriting logfile for K10, replicate 7. Please wait...[0m
INFO: [32mRunning: /programs/structure_2_3_4/bin/structure -K 7 -i /workdir/yc2644/CV_CT_array/structure/threader_input/n1601.recode.strct_in -o /workdir/yc2644/CV_CT_array/structure/n1601_cor/str_K7_rep4 -D 2666975 -m /workdir/yc2644/CV_CT_array/structure/threader_input/mainparams -e /workdir/yc2644/CV_CT_array/structure/threader_input/extraparams[0m
INFO: [32mWriting logfile for K10, replicate 6. Please wait...[0m
INFO: [32mRunning: /programs/structure_2_3_4/bin/structure -K 7 -i /workdir/yc2644/CV_CT_array/structure/threader_input/n1601.recode.strct_in -o /workdir/yc2644/CV_CT_array/structure/n1601_cor/str_K7_rep3 -D 4768450 -m /workdir/yc2644/CV_CT_array/structure/threader_input/mainparams -e /workdir/yc2644/CV_CT_array/structure/threader_input/extraparams[0m
INFO: [32mWriting logfile for K10, replicate 9. Please wait...[0m
INFO: [32mRunning: /programs/structure_2_3_4/bin/structure -K 7 -i /workdir/yc2644/CV_CT_array/structure/threader_input/n1601.recode.strct_in -o /workdir/yc2644/CV_CT_array/structure/n1601_cor/str_K7_rep2 -D 698914 -m /workdir/yc2644/CV_CT_array/structure/threader_input/mainparams -e /workdir/yc2644/CV_CT_array/structure/threader_input/extraparams[0m
INFO: [32mWriting logfile for K9, replicate 7. Please wait...[0m
INFO: [32mRunning: /programs/structure_2_3_4/bin/structure -K 7 -i /workdir/yc2644/CV_CT_array/structure/threader_input/n1601.recode.strct_in -o /workdir/yc2644/CV_CT_array/structure/n1601_cor/str_K7_rep1 -D 3931647 -m /workdir/yc2644/CV_CT_array/structure/threader_input/mainparams -e /workdir/yc2644/CV_CT_array/structure/threader_input/extraparams[0m
INFO: [32mWriting logfile for K10, replicate 2. Please wait...[0m
INFO: [32mRunning: /programs/structure_2_3_4/bin/structure -K 6 -i /workdir/yc2644/CV_CT_array/structure/threader_input/n1601.recode.strct_in -o /workdir/yc2644/CV_CT_array/structure/n1601_cor/str_K6_rep10 -D 638634 -m /workdir/yc2644/CV_CT_array/structure/threader_input/mainparams -e /workdir/yc2644/CV_CT_array/structure/threader_input/extraparams[0m
INFO: [32mWriting logfile for K10, replicate 3. Please wait...[0m
INFO: [32mRunning: /programs/structure_2_3_4/bin/structure -K 6 -i /workdir/yc2644/CV_CT_array/structure/threader_input/n1601.recode.strct_in -o /workdir/yc2644/CV_CT_array/structure/n1601_cor/str_K6_rep9 -D 1058594 -m /workdir/yc2644/CV_CT_array/structure/threader_input/mainparams -e /workdir/yc2644/CV_CT_array/structure/threader_input/extraparams[0m
INFO: [32mWriting logfile for K9, replicate 1. Please wait...[0m
INFO: [32mRunning: /programs/structure_2_3_4/bin/structure -K 6 -i /workdir/yc2644/CV_CT_array/structure/threader_input/n1601.recode.strct_in -o /workdir/yc2644/CV_CT_array/structure/n1601_cor/str_K6_rep8 -D 9800535 -m /workdir/yc2644/CV_CT_array/structure/threader_input/mainparams -e /workdir/yc2644/CV_CT_array/structure/threader_input/extraparams[0m
INFO: [32mWriting logfile for K10, replicate 5. Please wait...[0m
INFO: [32mRunning: /programs/structure_2_3_4/bin/structure -K 6 -i /workdir/yc2644/CV_CT_array/structure/threader_input/n1601.recode.strct_in -o /workdir/yc2644/CV_CT_array/structure/n1601_cor/str_K6_rep7 -D 2625379 -m /workdir/yc2644/CV_CT_array/structure/threader_input/mainparams -e /workdir/yc2644/CV_CT_array/structure/threader_input/extraparams[0m
INFO: [32mWriting logfile for K10, replicate 4. Please wait...[0m
INFO: [32mRunning: /programs/structure_2_3_4/bin/structure -K 6 -i /workdir/yc2644/CV_CT_array/structure/threader_input/n1601.recode.strct_in -o /workdir/yc2644/CV_CT_array/structure/n1601_cor/str_K6_rep6 -D 2090562 -m /workdir/yc2644/CV_CT_array/structure/threader_input/mainparams -e /workdir/yc2644/CV_CT_array/structure/threader_input/extraparams[0m
INFO: [32mWriting logfile for K10, replicate 10. Please wait...[0m
INFO: [32mRunning: /programs/structure_2_3_4/bin/structure -K 6 -i /workdir/yc2644/CV_CT_array/structure/threader_input/n1601.recode.strct_in -o /workdir/yc2644/CV_CT_array/structure/n1601_cor/str_K6_rep5 -D 9555347 -m /workdir/yc2644/CV_CT_array/structure/threader_input/mainparams -e /workdir/yc2644/CV_CT_array/structure/threader_input/extraparams[0m
INFO: [32mWriting logfile for K10, replicate 1. Please wait...[0m
INFO: [32mRunning: /programs/structure_2_3_4/bin/structure -K 6 -i /workdir/yc2644/CV_CT_array/structure/threader_input/n1601.recode.strct_in -o /workdir/yc2644/CV_CT_array/structure/n1601_cor/str_K6_rep4 -D 4682381 -m /workdir/yc2644/CV_CT_array/structure/threader_input/mainparams -e /workdir/yc2644/CV_CT_array/structure/threader_input/extraparams[0m
INFO: [32mWriting logfile for K10, replicate 8. Please wait...[0m
INFO: [32mRunning: /programs/structure_2_3_4/bin/structure -K 6 -i /workdir/yc2644/CV_CT_array/structure/threader_input/n1601.recode.strct_in -o /workdir/yc2644/CV_CT_array/structure/n1601_cor/str_K6_rep3 -D 4822350 -m /workdir/yc2644/CV_CT_array/structure/threader_input/mainparams -e /workdir/yc2644/CV_CT_array/structure/threader_input/extraparams[0m
INFO: [32mWriting logfile for K8, replicate 4. Please wait...[0m
INFO: [32mRunning: /programs/structure_2_3_4/bin/structure -K 6 -i /workdir/yc2644/CV_CT_array/structure/threader_input/n1601.recode.strct_in -o /workdir/yc2644/CV_CT_array/structure/n1601_cor/str_K6_rep2 -D 8614837 -m /workdir/yc2644/CV_CT_array/structure/threader_input/mainparams -e /workdir/yc2644/CV_CT_array/structure/threader_input/extraparams[0m
INFO: [32mWriting logfile for K8, replicate 6. Please wait...[0m
INFO: [32mRunning: /programs/structure_2_3_4/bin/structure -K 6 -i /workdir/yc2644/CV_CT_array/structure/threader_input/n1601.recode.strct_in -o /workdir/yc2644/CV_CT_array/structure/n1601_cor/str_K6_rep1 -D 6303807 -m /workdir/yc2644/CV_CT_array/structure/threader_input/mainparams -e /workdir/yc2644/CV_CT_array/structure/threader_input/extraparams[0m
INFO: [32mWriting logfile for K8, replicate 3. Please wait...[0m
INFO: [32mRunning: /programs/structure_2_3_4/bin/structure -K 5 -i /workdir/yc2644/CV_CT_array/structure/threader_input/n1601.recode.strct_in -o /workdir/yc2644/CV_CT_array/structure/n1601_cor/str_K5_rep10 -D 9751992 -m /workdir/yc2644/CV_CT_array/structure/threader_input/mainparams -e /workdir/yc2644/CV_CT_array/structure/threader_input/extraparams[0m
INFO: [32mWriting logfile for K7, replicate 6. Please wait...[0m
INFO: [32mRunning: /programs/structure_2_3_4/bin/structure -K 5 -i /workdir/yc2644/CV_CT_array/structure/threader_input/n1601.recode.strct_in -o /workdir/yc2644/CV_CT_array/structure/n1601_cor/str_K5_rep9 -D 8031362 -m /workdir/yc2644/CV_CT_array/structure/threader_input/mainparams -e /workdir/yc2644/CV_CT_array/structure/threader_input/extraparams[0m
INFO: [32mWriting logfile for K8, replicate 5. Please wait...[0m
INFO: [32mRunning: /programs/structure_2_3_4/bin/structure -K 5 -i /workdir/yc2644/CV_CT_array/structure/threader_input/n1601.recode.strct_in -o /workdir/yc2644/CV_CT_array/structure/n1601_cor/str_K5_rep8 -D 9494016 -m /workdir/yc2644/CV_CT_array/structure/threader_input/mainparams -e /workdir/yc2644/CV_CT_array/structure/threader_input/extraparams[0m
INFO: [32mWriting logfile for K8, replicate 2. Please wait...[0m
INFO: [32mRunning: /programs/structure_2_3_4/bin/structure -K 5 -i /workdir/yc2644/CV_CT_array/structure/threader_input/n1601.recode.strct_in -o /workdir/yc2644/CV_CT_array/structure/n1601_cor/str_K5_rep7 -D 2457905 -m /workdir/yc2644/CV_CT_array/structure/threader_input/mainparams -e /workdir/yc2644/CV_CT_array/structure/threader_input/extraparams[0m
INFO: [32mWriting logfile for K6, replicate 9. Please wait...[0m
INFO: [32mRunning: /programs/structure_2_3_4/bin/structure -K 5 -i /workdir/yc2644/CV_CT_array/structure/threader_input/n1601.recode.strct_in -o /workdir/yc2644/CV_CT_array/structure/n1601_cor/str_K5_rep6 -D 1384335 -m /workdir/yc2644/CV_CT_array/structure/threader_input/mainparams -e /workdir/yc2644/CV_CT_array/structure/threader_input/extraparams[0m
INFO: [32mWriting logfile for K6, replicate 10. Please wait...[0m
INFO: [32mRunning: /programs/structure_2_3_4/bin/structure -K 5 -i /workdir/yc2644/CV_CT_array/structure/threader_input/n1601.recode.strct_in -o /workdir/yc2644/CV_CT_array/structure/n1601_cor/str_K5_rep5 -D 5892951 -m /workdir/yc2644/CV_CT_array/structure/threader_input/mainparams -e /workdir/yc2644/CV_CT_array/structure/threader_input/extraparams[0m
INFO: [32mWriting logfile for K8, replicate 1. Please wait...[0m
INFO: [32mRunning: /programs/structure_2_3_4/bin/structure -K 5 -i /workdir/yc2644/CV_CT_array/structure/threader_input/n1601.recode.strct_in -o /workdir/yc2644/CV_CT_array/structure/n1601_cor/str_K5_rep4 -D 4045072 -m /workdir/yc2644/CV_CT_array/structure/threader_input/mainparams -e /workdir/yc2644/CV_CT_array/structure/threader_input/extraparams[0m
INFO: [32mWriting logfile for K7, replicate 10. Please wait...[0m
INFO: [32mRunning: /programs/structure_2_3_4/bin/structure -K 5 -i /workdir/yc2644/CV_CT_array/structure/threader_input/n1601.recode.strct_in -o /workdir/yc2644/CV_CT_array/structure/n1601_cor/str_K5_rep3 -D 8026998 -m /workdir/yc2644/CV_CT_array/structure/threader_input/mainparams -e /workdir/yc2644/CV_CT_array/structure/threader_input/extraparams[0m
INFO: [32mWriting logfile for K7, replicate 8. Please wait...[0m
INFO: [32mRunning: /programs/structure_2_3_4/bin/structure -K 5 -i /workdir/yc2644/CV_CT_array/structure/threader_input/n1601.recode.strct_in -o /workdir/yc2644/CV_CT_array/structure/n1601_cor/str_K5_rep2 -D 8562949 -m /workdir/yc2644/CV_CT_array/structure/threader_input/mainparams -e /workdir/yc2644/CV_CT_array/structure/threader_input/extraparams[0m
INFO: [32mWriting logfile for K7, replicate 7. Please wait...[0m
INFO: [32mRunning: /programs/structure_2_3_4/bin/structure -K 5 -i /workdir/yc2644/CV_CT_array/structure/threader_input/n1601.recode.strct_in -o /workdir/yc2644/CV_CT_array/structure/n1601_cor/str_K5_rep1 -D 6030994 -m /workdir/yc2644/CV_CT_array/structure/threader_input/mainparams -e /workdir/yc2644/CV_CT_array/structure/threader_input/extraparams[0m
INFO: [32mWriting logfile for K6, replicate 8. Please wait...[0m
INFO: [32mRunning: /programs/structure_2_3_4/bin/structure -K 4 -i /workdir/yc2644/CV_CT_array/structure/threader_input/n1601.recode.strct_in -o /workdir/yc2644/CV_CT_array/structure/n1601_cor/str_K4_rep10 -D 8540660 -m /workdir/yc2644/CV_CT_array/structure/threader_input/mainparams -e /workdir/yc2644/CV_CT_array/structure/threader_input/extraparams[0m
INFO: [32mWriting logfile for K7, replicate 3. Please wait...[0m
INFO: [32mRunning: /programs/structure_2_3_4/bin/structure -K 4 -i /workdir/yc2644/CV_CT_array/structure/threader_input/n1601.recode.strct_in -o /workdir/yc2644/CV_CT_array/structure/n1601_cor/str_K4_rep9 -D 1354307 -m /workdir/yc2644/CV_CT_array/structure/threader_input/mainparams -e /workdir/yc2644/CV_CT_array/structure/threader_input/extraparams[0m
INFO: [32mWriting logfile for K7, replicate 9. Please wait...[0m
INFO: [32mRunning: /programs/structure_2_3_4/bin/structure -K 4 -i /workdir/yc2644/CV_CT_array/structure/threader_input/n1601.recode.strct_in -o /workdir/yc2644/CV_CT_array/structure/n1601_cor/str_K4_rep8 -D 3515347 -m /workdir/yc2644/CV_CT_array/structure/threader_input/mainparams -e /workdir/yc2644/CV_CT_array/structure/threader_input/extraparams[0m
INFO: [32mWriting logfile for K6, replicate 7. Please wait...[0m
INFO: [32mRunning: /programs/structure_2_3_4/bin/structure -K 4 -i /workdir/yc2644/CV_CT_array/structure/threader_input/n1601.recode.strct_in -o /workdir/yc2644/CV_CT_array/structure/n1601_cor/str_K4_rep7 -D 430609 -m /workdir/yc2644/CV_CT_array/structure/threader_input/mainparams -e /workdir/yc2644/CV_CT_array/structure/threader_input/extraparams[0m
INFO: [32mWriting logfile for K6, replicate 5. Please wait...[0m
INFO: [32mRunning: /programs/structure_2_3_4/bin/structure -K 4 -i /workdir/yc2644/CV_CT_array/structure/threader_input/n1601.recode.strct_in -o /workdir/yc2644/CV_CT_array/structure/n1601_cor/str_K4_rep6 -D 6732660 -m /workdir/yc2644/CV_CT_array/structure/threader_input/mainparams -e /workdir/yc2644/CV_CT_array/structure/threader_input/extraparams[0m
INFO: [32mWriting logfile for K7, replicate 2. Please wait...[0m
INFO: [32mRunning: /programs/structure_2_3_4/bin/structure -K 4 -i /workdir/yc2644/CV_CT_array/structure/threader_input/n1601.recode.strct_in -o /workdir/yc2644/CV_CT_array/structure/n1601_cor/str_K4_rep5 -D 5822768 -m /workdir/yc2644/CV_CT_array/structure/threader_input/mainparams -e /workdir/yc2644/CV_CT_array/structure/threader_input/extraparams[0m
INFO: [32mWriting logfile for K7, replicate 5. Please wait...[0m
INFO: [32mRunning: /programs/structure_2_3_4/bin/structure -K 4 -i /workdir/yc2644/CV_CT_array/structure/threader_input/n1601.recode.strct_in -o /workdir/yc2644/CV_CT_array/structure/n1601_cor/str_K4_rep4 -D 9573427 -m /workdir/yc2644/CV_CT_array/structure/threader_input/mainparams -e /workdir/yc2644/CV_CT_array/structure/threader_input/extraparams[0m
INFO: [32mWriting logfile for K6, replicate 4. Please wait...[0m
INFO: [32mRunning: /programs/structure_2_3_4/bin/structure -K 4 -i /workdir/yc2644/CV_CT_array/structure/threader_input/n1601.recode.strct_in -o /workdir/yc2644/CV_CT_array/structure/n1601_cor/str_K4_rep3 -D 9037371 -m /workdir/yc2644/CV_CT_array/structure/threader_input/mainparams -e /workdir/yc2644/CV_CT_array/structure/threader_input/extraparams[0m
INFO: [32mWriting logfile for K7, replicate 4. Please wait...[0m
INFO: [32mRunning: /programs/structure_2_3_4/bin/structure -K 4 -i /workdir/yc2644/CV_CT_array/structure/threader_input/n1601.recode.strct_in -o /workdir/yc2644/CV_CT_array/structure/n1601_cor/str_K4_rep2 -D 8698501 -m /workdir/yc2644/CV_CT_array/structure/threader_input/mainparams -e /workdir/yc2644/CV_CT_array/structure/threader_input/extraparams[0m
INFO: [32mWriting logfile for K7, replicate 1. Please wait...[0m
INFO: [32mRunning: /programs/structure_2_3_4/bin/structure -K 4 -i /workdir/yc2644/CV_CT_array/structure/threader_input/n1601.recode.strct_in -o /workdir/yc2644/CV_CT_array/structure/n1601_cor/str_K4_rep1 -D 6397496 -m /workdir/yc2644/CV_CT_array/structure/threader_input/mainparams -e /workdir/yc2644/CV_CT_array/structure/threader_input/extraparams[0m
INFO: [32mWriting logfile for K6, replicate 6. Please wait...[0m
INFO: [32mRunning: /programs/structure_2_3_4/bin/structure -K 3 -i /workdir/yc2644/CV_CT_array/structure/threader_input/n1601.recode.strct_in -o /workdir/yc2644/CV_CT_array/structure/n1601_cor/str_K3_rep10 -D 6844774 -m /workdir/yc2644/CV_CT_array/structure/threader_input/mainparams -e /workdir/yc2644/CV_CT_array/structure/threader_input/extraparams[0m
INFO: [32mWriting logfile for K6, replicate 3. Please wait...[0m
INFO: [32mRunning: /programs/structure_2_3_4/bin/structure -K 3 -i /workdir/yc2644/CV_CT_array/structure/threader_input/n1601.recode.strct_in -o /workdir/yc2644/CV_CT_array/structure/n1601_cor/str_K3_rep9 -D 3938341 -m /workdir/yc2644/CV_CT_array/structure/threader_input/mainparams -e /workdir/yc2644/CV_CT_array/structure/threader_input/extraparams[0m
INFO: [32mWriting logfile for K5, replicate 10. Please wait...[0m
INFO: [32mRunning: /programs/structure_2_3_4/bin/structure -K 3 -i /workdir/yc2644/CV_CT_array/structure/threader_input/n1601.recode.strct_in -o /workdir/yc2644/CV_CT_array/structure/n1601_cor/str_K3_rep8 -D 300134 -m /workdir/yc2644/CV_CT_array/structure/threader_input/mainparams -e /workdir/yc2644/CV_CT_array/structure/threader_input/extraparams[0m
INFO: [32mWriting logfile for K5, replicate 6. Please wait...[0m
INFO: [32mRunning: /programs/structure_2_3_4/bin/structure -K 3 -i /workdir/yc2644/CV_CT_array/structure/threader_input/n1601.recode.strct_in -o /workdir/yc2644/CV_CT_array/structure/n1601_cor/str_K3_rep7 -D 1903949 -m /workdir/yc2644/CV_CT_array/structure/threader_input/mainparams -e /workdir/yc2644/CV_CT_array/structure/threader_input/extraparams[0m
INFO: [32mWriting logfile for K5, replicate 8. Please wait...[0m
INFO: [32mRunning: /programs/structure_2_3_4/bin/structure -K 3 -i /workdir/yc2644/CV_CT_array/structure/threader_input/n1601.recode.strct_in -o /workdir/yc2644/CV_CT_array/structure/n1601_cor/str_K3_rep6 -D 2995045 -m /workdir/yc2644/CV_CT_array/structure/threader_input/mainparams -e /workdir/yc2644/CV_CT_array/structure/threader_input/extraparams[0m
INFO: [32mWriting logfile for K6, replicate 2. Please wait...[0m
INFO: [32mRunning: /programs/structure_2_3_4/bin/structure -K 3 -i /workdir/yc2644/CV_CT_array/structure/threader_input/n1601.recode.strct_in -o /workdir/yc2644/CV_CT_array/structure/n1601_cor/str_K3_rep5 -D 3353112 -m /workdir/yc2644/CV_CT_array/structure/threader_input/mainparams -e /workdir/yc2644/CV_CT_array/structure/threader_input/extraparams[0m
INFO: [32mWriting logfile for K5, replicate 9. Please wait...[0m
INFO: [32mRunning: /programs/structure_2_3_4/bin/structure -K 3 -i /workdir/yc2644/CV_CT_array/structure/threader_input/n1601.recode.strct_in -o /workdir/yc2644/CV_CT_array/structure/n1601_cor/str_K3_rep4 -D 4900392 -m /workdir/yc2644/CV_CT_array/structure/threader_input/mainparams -e /workdir/yc2644/CV_CT_array/structure/threader_input/extraparams[0m
INFO: [32mWriting logfile for K6, replicate 1. Please wait...[0m
INFO: [32mRunning: /programs/structure_2_3_4/bin/structure -K 3 -i /workdir/yc2644/CV_CT_array/structure/threader_input/n1601.recode.strct_in -o /workdir/yc2644/CV_CT_array/structure/n1601_cor/str_K3_rep3 -D 9150602 -m /workdir/yc2644/CV_CT_array/structure/threader_input/mainparams -e /workdir/yc2644/CV_CT_array/structure/threader_input/extraparams[0m
INFO: [32mWriting logfile for K5, replicate 7. Please wait...[0m
INFO: [32mRunning: /programs/structure_2_3_4/bin/structure -K 3 -i /workdir/yc2644/CV_CT_array/structure/threader_input/n1601.recode.strct_in -o /workdir/yc2644/CV_CT_array/structure/n1601_cor/str_K3_rep2 -D 2088698 -m /workdir/yc2644/CV_CT_array/structure/threader_input/mainparams -e /workdir/yc2644/CV_CT_array/structure/threader_input/extraparams[0m
INFO: [32mWriting logfile for K5, replicate 5. Please wait...[0m
INFO: [32mRunning: /programs/structure_2_3_4/bin/structure -K 3 -i /workdir/yc2644/CV_CT_array/structure/threader_input/n1601.recode.strct_in -o /workdir/yc2644/CV_CT_array/structure/n1601_cor/str_K3_rep1 -D 2913854 -m /workdir/yc2644/CV_CT_array/structure/threader_input/mainparams -e /workdir/yc2644/CV_CT_array/structure/threader_input/extraparams[0m
INFO: [32mWriting logfile for K4, replicate 6. Please wait...[0m
INFO: [32mRunning: /programs/structure_2_3_4/bin/structure -K 2 -i /workdir/yc2644/CV_CT_array/structure/threader_input/n1601.recode.strct_in -o /workdir/yc2644/CV_CT_array/structure/n1601_cor/str_K2_rep10 -D 8677474 -m /workdir/yc2644/CV_CT_array/structure/threader_input/mainparams -e /workdir/yc2644/CV_CT_array/structure/threader_input/extraparams[0m
INFO: [32mWriting logfile for K4, replicate 3. Please wait...[0m
INFO: [32mRunning: /programs/structure_2_3_4/bin/structure -K 2 -i /workdir/yc2644/CV_CT_array/structure/threader_input/n1601.recode.strct_in -o /workdir/yc2644/CV_CT_array/structure/n1601_cor/str_K2_rep9 -D 6215541 -m /workdir/yc2644/CV_CT_array/structure/threader_input/mainparams -e /workdir/yc2644/CV_CT_array/structure/threader_input/extraparams[0m
INFO: [32mWriting logfile for K4, replicate 9. Please wait...[0m
INFO: [32mRunning: /programs/structure_2_3_4/bin/structure -K 2 -i /workdir/yc2644/CV_CT_array/structure/threader_input/n1601.recode.strct_in -o /workdir/yc2644/CV_CT_array/structure/n1601_cor/str_K2_rep8 -D 7192091 -m /workdir/yc2644/CV_CT_array/structure/threader_input/mainparams -e /workdir/yc2644/CV_CT_array/structure/threader_input/extraparams[0m
INFO: [32mWriting logfile for K5, replicate 2. Please wait...[0m
INFO: [32mRunning: /programs/structure_2_3_4/bin/structure -K 2 -i /workdir/yc2644/CV_CT_array/structure/threader_input/n1601.recode.strct_in -o /workdir/yc2644/CV_CT_array/structure/n1601_cor/str_K2_rep7 -D 4587218 -m /workdir/yc2644/CV_CT_array/structure/threader_input/mainparams -e /workdir/yc2644/CV_CT_array/structure/threader_input/extraparams[0m
INFO: [32mWriting logfile for K4, replicate 7. Please wait...[0m
INFO: [32mRunning: /programs/structure_2_3_4/bin/structure -K 2 -i /workdir/yc2644/CV_CT_array/structure/threader_input/n1601.recode.strct_in -o /workdir/yc2644/CV_CT_array/structure/n1601_cor/str_K2_rep6 -D 5369380 -m /workdir/yc2644/CV_CT_array/structure/threader_input/mainparams -e /workdir/yc2644/CV_CT_array/structure/threader_input/extraparams[0m
INFO: [32mWriting logfile for K5, replicate 3. Please wait...[0m
INFO: [32mRunning: /programs/structure_2_3_4/bin/structure -K 2 -i /workdir/yc2644/CV_CT_array/structure/threader_input/n1601.recode.strct_in -o /workdir/yc2644/CV_CT_array/structure/n1601_cor/str_K2_rep5 -D 3797654 -m /workdir/yc2644/CV_CT_array/structure/threader_input/mainparams -e /workdir/yc2644/CV_CT_array/structure/threader_input/extraparams[0m
INFO: [32mWriting logfile for K4, replicate 5. Please wait...[0m
INFO: [32mRunning: /programs/structure_2_3_4/bin/structure -K 2 -i /workdir/yc2644/CV_CT_array/structure/threader_input/n1601.recode.strct_in -o /workdir/yc2644/CV_CT_array/structure/n1601_cor/str_K2_rep4 -D 3459332 -m /workdir/yc2644/CV_CT_array/structure/threader_input/mainparams -e /workdir/yc2644/CV_CT_array/structure/threader_input/extraparams[0m
INFO: [32mWriting logfile for K4, replicate 4. Please wait...[0m
INFO: [32mRunning: /programs/structure_2_3_4/bin/structure -K 2 -i /workdir/yc2644/CV_CT_array/structure/threader_input/n1601.recode.strct_in -o /workdir/yc2644/CV_CT_array/structure/n1601_cor/str_K2_rep3 -D 1798683 -m /workdir/yc2644/CV_CT_array/structure/threader_input/mainparams -e /workdir/yc2644/CV_CT_array/structure/threader_input/extraparams[0m
INFO: [32mWriting logfile for K3, replicate 9. Please wait...[0m
INFO: [32mRunning: /programs/structure_2_3_4/bin/structure -K 2 -i /workdir/yc2644/CV_CT_array/structure/threader_input/n1601.recode.strct_in -o /workdir/yc2644/CV_CT_array/structure/n1601_cor/str_K2_rep2 -D 4987626 -m /workdir/yc2644/CV_CT_array/structure/threader_input/mainparams -e /workdir/yc2644/CV_CT_array/structure/threader_input/extraparams[0m
INFO: [32mWriting logfile for K4, replicate 10. Please wait...[0m
INFO: [32mRunning: /programs/structure_2_3_4/bin/structure -K 2 -i /workdir/yc2644/CV_CT_array/structure/threader_input/n1601.recode.strct_in -o /workdir/yc2644/CV_CT_array/structure/n1601_cor/str_K2_rep1 -D 5048950 -m /workdir/yc2644/CV_CT_array/structure/threader_input/mainparams -e /workdir/yc2644/CV_CT_array/structure/threader_input/extraparams[0m
INFO: [32mWriting logfile for K5, replicate 4. Please wait...[0m
INFO: [32mWriting logfile for K3, replicate 10. Please wait...[0m
INFO: [32mWriting logfile for K5, replicate 1. Please wait...[0m
INFO: [32mWriting logfile for K4, replicate 1. Please wait...[0m
INFO: [32mWriting logfile for K4, replicate 8. Please wait...[0m
INFO: [32mWriting logfile for K4, replicate 2. Please wait...[0m
INFO: [32mWriting logfile for K2, replicate 9. Please wait...[0m
INFO: [32mWriting logfile for K2, replicate 8. Please wait...[0m
INFO: [32mWriting logfile for K3, replicate 7. Please wait...[0m
INFO: [32mWriting logfile for K2, replicate 7. Please wait...[0m
INFO: [32mWriting logfile for K2, replicate 10. Please wait...[0m
INFO: [32mWriting logfile for K2, replicate 5. Please wait...[0m
INFO: [32mWriting logfile for K2, replicate 4. Please wait...[0m
INFO: [32mWriting logfile for K2, replicate 6. Please wait...[0m
INFO: [32mWriting logfile for K3, replicate 3. Please wait...[0m
INFO: [32mWriting logfile for K2, replicate 1. Please wait...[0m
INFO: [32mWriting logfile for K2, replicate 3. Please wait...[0m
INFO: [32mWriting logfile for K3, replicate 6. Please wait...[0m
INFO: [32mWriting logfile for K2, replicate 2. Please wait...[0m
INFO: [32mWriting logfile for K3, replicate 8. Please wait...[0m
INFO: [32mWriting logfile for K3, replicate 5. Please wait...[0m
INFO: [32mWriting logfile for K3, replicate 4. Please wait...[0m
INFO: [32mWriting logfile for K3, replicate 2. Please wait...[0m
INFO: [32mWriting logfile for K3, replicate 1. Please wait...[0m
INFO: [32m
==============================
[0m
INFO: [32mAll 90 jobs finished successfully.[0m
Runtime: 253:13:29 (hh:mm:ss)
